
Showing logs for build [32mcb-kubecd-environment-pr-215-1-j92nf-1[0m stage [32mfrom-build-pack[0m and container [32mstep-credential-initializer-2vhkd[0m
{"level":"info","ts":1588819324.7112231,"logger":"fallback-logger","caller":"logging/config.go:69","msg":"Fetch GitHub commit ID from kodata failed: open /var/run/ko/refs/heads/0.8.0-ns-support: no such file or directory"}
{"level":"info","ts":1588819324.71176,"logger":"fallback-logger","caller":"creds-init/main.go:40","msg":"Credentials initialized."}

Showing logs for build [32mcb-kubecd-environment-pr-215-1-j92nf-1[0m stage [32mfrom-build-pack[0m and container [32mstep-working-dir-initializer-99stc[0m
{"level":"info","ts":1588819325.660844,"logger":"fallback-logger","caller":"logging/config.go:69","msg":"Fetch GitHub commit ID from kodata failed: open /var/run/ko/HEAD: no such file or directory"}
{"level":"info","ts":1588819325.6651742,"logger":"fallback-logger","caller":"bash/main.go:64","msg":"Successfully executed command \"sh -c mkdir -p /workspace/source\"; output "}

Showing logs for build [32mcb-kubecd-environment-pr-215-1-j92nf-1[0m stage [32mfrom-build-pack[0m and container [32mstep-place-tools[0m

Showing logs for build [32mcb-kubecd-environment-pr-215-1-j92nf-1[0m stage [32mfrom-build-pack[0m and container [32mstep-git-source-cb-kubecd-environment-pr-215-1-j92nf-wpq79[0m
{"level":"info","ts":1588819329.79381,"logger":"fallback-logger","caller":"logging/config.go:69","msg":"Fetch GitHub commit ID from kodata failed: open /var/run/ko/refs/heads/0.8.0-ns-support: no such file or directory"}
{"level":"info","ts":1588819330.84029,"logger":"fallback-logger","caller":"git/git.go:103","msg":"Successfully cloned https://github.com/cb-kubecd/environment-pr-215-1-boot-gke-production.git @ master in path /workspace/source"}

Showing logs for build [32mcb-kubecd-environment-pr-215-1-j92nf-1[0m stage [32mfrom-build-pack[0m and container [32mstep-git-merge[0m
Using SHAs from PULL_REFS=master:fba1d9b9c58b174989ea28e4672cf94f330cf859,1:8db82f6bb1803a3eed6e1f572e99ad56c797b73a
DEBUG: LC_ALL=C JX_LOG_LEVEL=error git fetch origin --unshallow 8db82f6bb1803a3eed6e1f572e99ad56c797b73a: fba1d9b9c58b174989ea28e4672cf94f330cf859:
DEBUG: ran git fetch --unshallow origin 8db82f6bb1803a3eed6e1f572e99ad56c797b73a: fba1d9b9c58b174989ea28e4672cf94f330cf859: in 
DEBUG: LC_ALL=C JX_LOG_LEVEL=error git branch
DEBUG: LC_ALL=C JX_LOG_LEVEL=error git checkout master
DEBUG: ran git checkout master in 
DEBUG: LC_ALL=C JX_LOG_LEVEL=error git reset --hard fba1d9b9c58b174989ea28e4672cf94f330cf859
DEBUG: ran git reset --hard fba1d9b9c58b174989ea28e4672cf94f330cf859 in 
DEBUG: LC_ALL=C JX_LOG_LEVEL=error git clean -fd .
DEBUG: ran clean --force -d . in 
DEBUG: LC_ALL=C JX_LOG_LEVEL=error git merge 8db82f6bb1803a3eed6e1f572e99ad56c797b73a
DEBUG: ran git merge 8db82f6bb1803a3eed6e1f572e99ad56c797b73a in 
DEBUG: LC_ALL=C JX_LOG_LEVEL=error git log --format=%H%x1f%an%x1f%ae%x1f%cn%x1f%ce%x1f%s%n%b%x1e fba1d9b9c58b174989ea28e4672cf94f330cf859..HEAD
Merged SHA 8db82f6bb1803a3eed6e1f572e99ad56c797b73a with commit message 'chore: Promote bdd-spring-1588818306 to version 0.0.1' into base branch master

Showing logs for build [32mcb-kubecd-environment-pr-215-1-j92nf-1[0m stage [32mfrom-build-pack[0m and container [32mstep-build-helm-build[0m
WARNING: No $CHART_REPOSITORY defined so using the default value of: http://jenkins-x-chartmuseum:8080
Adding missing Helm repo: storage.googleapis.com https://storage.googleapis.com/chartmuseum.jenkins-x.io
WARNING: No secrets found on "helm/repos" due: reading the secret "helm/repos" from vault: no secret "helm/repos" not found in vault
Read credentials for https://storage.googleapis.com/chartmuseum.jenkins-x.io from vault helm/repos
Successfully added Helm repository storage.googleapis.com.
Adding missing Helm repo: jenkins-x-chartmuseum http://jenkins-x-chartmuseum:8080
WARNING: No secrets found on "helm/repos" due: reading the secret "helm/repos" from vault: no secret "helm/repos" not found in vault
Read credentials for http://jenkins-x-chartmuseum:8080 from vault helm/repos
Successfully added Helm repository jenkins-x-chartmuseum.
WARNING: No $CHART_REPOSITORY defined so using the default value of: http://jenkins-x-chartmuseum:8080
Adding missing Helm repo: chartmuseum.jenkins-x.io http://chartmuseum.jenkins-x.io
WARNING: No secrets found on "helm/repos" due: reading the secret "helm/repos" from vault: no secret "helm/repos" not found in vault
Read credentials for http://chartmuseum.jenkins-x.io from vault helm/repos
Successfully added Helm repository chartmuseum.jenkins-x.io.
